<?xml version="1.0" encoding="UTF-8"?>
<!-- Generated by org.testng.reporters.JUnitReportReporter -->
<testsuite hostname="MSI" failures="0" tests="1" name="assignment_blazedemo_test.Blazelogintest" time="5.094" errors="0" timestamp="2024-06-12T12:53:21 IST" skipped="0">
  <testcase classname="assignment_blazedemo_test.Blazelogintest" name="blt" time="5.094"/>
</testsuite> <!-- assignment_blazedemo_test.Blazelogintest -->
