<?xml version="1.0" encoding="UTF-8"?>
<!-- Generated by org.testng.reporters.JUnitReportReporter -->
<testsuite hostname="MSI" failures="0" tests="1" name="assignment_blazedemo_test.Test_blazedemo" time="5.570" errors="0" timestamp="2024-06-12T12:54:21 IST" skipped="0">
  <testcase classname="assignment_blazedemo_test.Test_blazedemo" name="tst" time="5.570"/>
</testsuite> <!-- assignment_blazedemo_test.Test_blazedemo -->
